\BOOKMARK [1][-]{section.1}{\376\377\000I\000n\000t\000r\000o\000d\000u\000c\000t\000i\000o\000n}{}% 1
\BOOKMARK [1][-]{section.5}{\376\377\000R\000e\000l\000a\000t\000e\000d\000\040\000W\000o\000r\000k}{}% 2
\BOOKMARK [1][-]{section.9}{\376\377\000P\000r\000e\000l\000i\000m\000i\000n\000a\000r\000i\000e\000s}{}% 3
\BOOKMARK [1][-]{section.16}{\376\377\000C\000i\000p\000h\000e\000r\000\040\000T\000y\000p\000e\000\040\000C\000o\000n\000s\000t\000r\000u\000c\000t\000o\000r\000s}{}% 4
\BOOKMARK [2][-]{subsection.17}{\376\377\000V\000o\000i\000d\000\040\000a\000n\000d\000\040\000U\000n\000i\000t}{section.16}% 5
\BOOKMARK [2][-]{subsection.18}{\376\377\000P\000r\000o\000d\000u\000c\000t\000\040\000T\000y\000p\000e\000s}{section.16}% 6
\BOOKMARK [2][-]{subsection.24}{\376\377\000S\000u\000m\000\040\000T\000y\000p\000e\000s}{section.16}% 7
\BOOKMARK [2][-]{subsection.31}{\376\377\000E\000x\000p\000o\000n\000e\000n\000t\000i\000a\000l\000\040\000T\000y\000p\000e\000s}{section.16}% 8
\BOOKMARK [1][-]{section.32}{\376\377\000O\000r\000b\000i\000t\000\040\000C\000l\000o\000s\000u\000r\000e\000\040\000a\000n\000d\000\040\000I\000n\000f\000o\000r\000m\000a\000t\000i\000o\000n\000\040\000L\000e\000a\000k\000a\000g\000e}{}% 9
\BOOKMARK [2][-]{subsection.33}{\376\377\000D\000e\000f\000i\000n\000i\000t\000i\000o\000n}{section.32}% 10
\BOOKMARK [2][-]{subsection.38}{\376\377\000M\000o\000n\000o\000t\000o\000n\000i\000c\000i\000t\000y}{section.32}% 11
\BOOKMARK [2][-]{subsection.41}{\376\377\000C\000o\000n\000f\000i\000d\000e\000n\000t\000i\000a\000l\000i\000t\000y\000\040\000B\000o\000u\000n\000d}{section.32}% 12
\BOOKMARK [2][-]{subsection.46}{\376\377\000E\000x\000a\000m\000p\000l\000e\000s}{section.32}% 13
\BOOKMARK [2][-]{subsection.50}{\376\377\000T\000y\000p\000e\000d\000\040\000C\000o\000m\000p\000o\000s\000i\000t\000i\000o\000n\000\040\000C\000h\000a\000i\000n\000s}{section.32}% 14
\BOOKMARK [1][-]{section.54}{\376\377\000C\000i\000p\000h\000e\000r\000\040\000T\000u\000r\000i\000n\000g\000\040\000M\000a\000c\000h\000i\000n\000e}{}% 15
\BOOKMARK [2][-]{subsection.55}{\376\377\000D\000e\000f\000i\000n\000i\000t\000i\000o\000n}{section.54}% 16
\BOOKMARK [2][-]{subsection.58}{\376\377\000S\000p\000a\000c\000e\000\040\000C\000o\000m\000p\000l\000e\000x\000i\000t\000y}{section.54}% 17
\BOOKMARK [2][-]{subsection.61}{\376\377\000H\000e\000a\000d\000\040\000M\000o\000v\000e\000m\000e\000n\000t\000\040\000L\000e\000a\000k\000a\000g\000e}{section.54}% 18
\BOOKMARK [1][-]{section.65}{\376\377\000D\000i\000s\000c\000u\000s\000s\000i\000o\000n}{}% 19
\BOOKMARK [2][-]{subsection.66}{\376\377\000C\000i\000p\000h\000e\000r\000\040\000P\000r\000o\000g\000r\000a\000m\000\040\000C\000o\000n\000s\000t\000r\000u\000c\000t\000i\000o\000n}{section.65}% 20
\BOOKMARK [2][-]{subsection.76}{\376\377\000C\000i\000p\000h\000e\000r\000\040\000B\000o\000o\000l\000e\000a\000n\000\040\000A\000l\000g\000e\000b\000r\000a}{section.65}% 21
\BOOKMARK [1][-]{section.90}{\376\377\000C\000o\000n\000c\000l\000u\000s\000i\000o\000n}{}% 22
