\BOOKMARK [1][-]{section.1}{\376\377\000I\000n\000t\000r\000o\000d\000u\000c\000t\000i\000o\000n}{}% 1
\BOOKMARK [1][-]{section.4}{\376\377\000R\000e\000l\000a\000t\000e\000d\000\040\000W\000o\000r\000k}{}% 2
\BOOKMARK [1][-]{section.11}{\376\377\000T\000h\000e\000\040\000C\000i\000p\000h\000e\000r\000\040\000M\000a\000p\000\040\000A\000b\000s\000t\000r\000a\000c\000t\000i\000o\000n}{}% 3
\BOOKMARK [2][-]{subsection.12}{\376\377\000P\000r\000e\000l\000i\000m\000i\000n\000a\000r\000i\000e\000s}{section.11}% 4
\BOOKMARK [2][-]{subsection.13}{\376\377\000D\000e\000f\000i\000n\000i\000t\000i\000o\000n}{section.11}% 5
\BOOKMARK [2][-]{subsection.19}{\376\377\000T\000w\000o\000\040\000C\000o\000n\000s\000t\000r\000u\000c\000t\000i\000o\000n\000\040\000S\000t\000r\000a\000t\000e\000g\000i\000e\000s}{section.11}% 6
\BOOKMARK [2][-]{subsection.20}{\376\377\000C\000o\000n\000s\000t\000r\000u\000c\000t\000i\000o\000n\000\040\000L\000a\000y\000e\000r\000s}{section.11}% 7
\BOOKMARK [1][-]{section.24}{\376\377\000F\000o\000u\000r\000\040\000P\000r\000o\000p\000e\000r\000t\000i\000e\000s}{}% 8
\BOOKMARK [2][-]{subsection.25}{\376\377\000P\000r\000o\000p\000e\000r\000t\000y\000\040\0001\000:\000\040\000T\000o\000t\000a\000l\000i\000t\000y}{section.24}% 9
\BOOKMARK [2][-]{subsection.27}{\376\377\000P\000r\000o\000p\000e\000r\000t\000y\000\040\0002\000:\000\040\000R\000e\000p\000r\000e\000s\000e\000n\000t\000a\000t\000i\000o\000n\000\040\000U\000n\000i\000f\000o\000r\000m\000i\000t\000y\000\040\000\050\000d\000e\000l\000t\000a\000-\000b\000o\000u\000n\000d\000e\000d\000\051}{section.24}% 10
\BOOKMARK [2][-]{subsection.32}{\376\377\000P\000r\000o\000p\000e\000r\000t\000y\000\040\0003\000:\000\040\000C\000o\000r\000r\000e\000c\000t\000n\000e\000s\000s\000\040\000\050\000e\000t\000a\000-\000b\000o\000u\000n\000d\000e\000d\000\051}{section.24}% 11
\BOOKMARK [2][-]{subsection.36}{\376\377\000P\000r\000o\000p\000e\000r\000t\000y\000\040\0004\000:\000\040\000C\000o\000m\000p\000o\000s\000a\000b\000i\000l\000i\000t\000y}{section.24}% 12
\BOOKMARK [2][-]{subsection.41}{\376\377\000P\000a\000r\000a\000m\000e\000t\000e\000r\000\040\000D\000e\000c\000o\000m\000p\000o\000s\000i\000t\000i\000o\000n}{section.24}% 13
\BOOKMARK [1][-]{section.44}{\376\377\000T\000h\000e\000\040\000T\000r\000u\000s\000t\000e\000d\000/\000U\000n\000t\000r\000u\000s\000t\000e\000d\000\040\000M\000a\000c\000h\000i\000n\000e\000\040\000M\000o\000d\000e\000l}{}% 14
\BOOKMARK [1][-]{section.66}{\376\377\000T\000h\000e\000\040\000B\000a\000t\000c\000h\000\040\000C\000o\000n\000s\000t\000r\000u\000c\000t\000i\000o\000n}{}% 15
\BOOKMARK [2][-]{subsection.67}{\376\377\000I\000n\000f\000o\000r\000m\000a\000t\000i\000o\000n\000-\000T\000h\000e\000o\000r\000e\000t\000i\000c\000\040\000L\000o\000w\000e\000r\000\040\000B\000o\000u\000n\000d}{section.66}% 16
\BOOKMARK [2][-]{subsection.70}{\376\377\000A\000c\000c\000e\000p\000t\000a\000n\000c\000e\000\040\000P\000r\000e\000d\000i\000c\000a\000t\000e\000s}{section.66}% 17
\BOOKMARK [2][-]{subsection.73}{\376\377\000C\000o\000n\000s\000t\000r\000u\000c\000t\000i\000o\000n\000\040\000A\000l\000g\000o\000r\000i\000t\000h\000m}{section.66}% 18
\BOOKMARK [2][-]{subsection.75}{\376\377\000S\000p\000a\000c\000e\000\040\000O\000p\000t\000i\000m\000a\000l\000i\000t\000y}{section.66}% 19
\BOOKMARK [2][-]{subsection.79}{\376\377\000C\000o\000n\000s\000t\000r\000u\000c\000t\000i\000o\000n\000\040\000T\000i\000m\000e\000\040\000a\000n\000d\000\040\000B\000u\000c\000k\000e\000t\000i\000n\000g}{section.66}% 20
\BOOKMARK [2][-]{subsection.84}{\376\377\000I\000n\000s\000t\000a\000n\000t\000i\000a\000t\000i\000o\000n\000s}{section.66}% 21
\BOOKMARK [3][-]{subsubsection.85}{\376\377\000E\000n\000t\000r\000o\000p\000y\000\040\000C\000i\000p\000h\000e\000r\000\040\000M\000a\000p}{subsection.84}% 22
\BOOKMARK [1][-]{section.98}{\376\377\000C\000o\000m\000p\000o\000s\000i\000t\000i\000o\000n}{}% 23
\BOOKMARK [2][-]{subsection.99}{\376\377\000W\000a\000r\000m\000-\000U\000p\000:\000\040\000T\000h\000e\000\040\000A\000N\000D\000\040\000G\000a\000t\000e}{section.98}% 24
\BOOKMARK [2][-]{subsection.101}{\376\377\000G\000e\000n\000e\000r\000a\000l\000\040\000C\000o\000m\000p\000o\000s\000i\000t\000i\000o\000n\000\040\000T\000h\000e\000o\000r\000e\000m}{section.98}% 25
\BOOKMARK [2][-]{subsection.105}{\376\377\000C\000o\000m\000p\000o\000s\000i\000t\000i\000o\000n\000\040\000C\000h\000a\000i\000n\000s}{section.98}% 26
\BOOKMARK [2][-]{subsection.110}{\376\377\000E\000r\000r\000o\000r\000\040\000A\000c\000c\000u\000m\000u\000l\000a\000t\000i\000o\000n\000\040\000b\000y\000\040\000G\000a\000t\000e\000\040\000T\000y\000p\000e}{section.98}% 27
\BOOKMARK [1][-]{section.111}{\376\377\000R\000e\000p\000r\000e\000s\000e\000n\000t\000a\000t\000i\000o\000n\000\040\000U\000n\000i\000f\000o\000r\000m\000i\000t\000y\000\040\000a\000n\000d\000\040\000E\000n\000c\000o\000d\000i\000n\000g\000\040\000G\000r\000a\000n\000u\000l\000a\000r\000i\000t\000y}{}% 28
\BOOKMARK [2][-]{subsection.112}{\376\377\000T\000h\000e\000\040\000E\000n\000c\000o\000d\000i\000n\000g\000\040\000G\000r\000a\000n\000u\000l\000a\000r\000i\000t\000y\000\040\000P\000r\000i\000n\000c\000i\000p\000l\000e}{section.111}% 29
\BOOKMARK [2][-]{subsection.115}{\376\377\000C\000o\000m\000p\000o\000s\000i\000t\000i\000o\000n\000a\000l\000\040\000L\000e\000a\000k\000a\000g\000e}{section.111}% 30
\BOOKMARK [1][-]{section.121}{\376\377\000D\000i\000s\000c\000u\000s\000s\000i\000o\000n}{}% 31
\BOOKMARK [2][-]{subsection.122}{\376\377\000R\000e\000l\000a\000t\000i\000o\000n\000s\000h\000i\000p\000\040\000t\000o\000\040\000t\000h\000e\000\040\000B\000e\000r\000n\000o\000u\000l\000l\000i\000\040\000M\000o\000d\000e\000l}{section.121}% 32
\BOOKMARK [2][-]{subsection.123}{\376\377\000A\000l\000g\000e\000b\000r\000a\000i\000c\000\040\000S\000t\000r\000u\000c\000t\000u\000r\000e}{section.121}% 33
\BOOKMARK [2][-]{subsection.124}{\376\377\000O\000n\000l\000i\000n\000e\000\040\000C\000o\000n\000s\000t\000r\000u\000c\000t\000i\000o\000n}{section.121}% 34
\BOOKMARK [2][-]{subsection.125}{\376\377\000A\000p\000p\000l\000i\000c\000a\000t\000i\000o\000n\000:\000\040\000E\000n\000c\000r\000y\000p\000t\000e\000d\000\040\000S\000e\000a\000r\000c\000h}{section.121}% 35
\BOOKMARK [2][-]{subsection.132}{\376\377\000O\000p\000e\000n\000\040\000Q\000u\000e\000s\000t\000i\000o\000n\000s}{section.121}% 36
\BOOKMARK [2][-]{subsection.139}{\376\377\000W\000h\000a\000t\000\040\000T\000h\000i\000s\000\040\000F\000r\000a\000m\000e\000w\000o\000r\000k\000\040\000I\000s\000\040\000N\000o\000t}{section.121}% 37
